fatal: Not a git repository
Platform:   X86
System:     LINUX
asm:        yes
avis input: no
mp4 output: yes
pthread:    yes
gtk:        no
debug:      no
gprof:      no
PIC:        no
shared:     no
visualize:  no

You can run 'make' or 'make fprofiled' now.
make[1]: entrant dans le répertoire « /src/x264-0.svn20080828 »
rm -f .depend
( echo -n "`dirname common/mc.c`/" && gcc -O4 -ffast-math  -Wall -I. -DHAVE_MALLOC_H -DHAVE_MMX -DARCH_X86 -DSYS_LINUX -DHAVE_PTHREAD -s -fomit-frame-pointer  common/mc.c -MM -g0 ) 1>> .depend;  ( echo -n "`dirname common/predict.c`/" && gcc -O4 -ffast-math  -Wall -I. -DHAVE_MALLOC_H -DHAVE_MMX -DARCH_X86 -DSYS_LINUX -DHAVE_PTHREAD -s -fomit-frame-pointer  common/predict.c -MM -g0 ) 1>> .depend;  ( echo -n "`dirname common/pixel.c`/" && gcc -O4 -ffast-math  -Wall -I. -DHAVE_MALLOC_H -DHAVE_MMX -DARCH_X86 -DSYS_LINUX -DHAVE_PTHREAD -s -fomit-frame-pointer  common/pixel.c -MM -g0 ) 1>> .depend;  ( echo -n "`dirname common/macroblock.c`/" && gcc -O4 -ffast-math  -Wall -I. -DHAVE_MALLOC_H -DHAVE_MMX -DARCH_X86 -DSYS_LINUX -DHAVE_PTHREAD -s -fomit-frame-pointer  common/macroblock.c -MM -g0 ) 1>> .depend;  ( echo -n "`dirname common/frame.c`/" && gcc -O4 -ffast-math  -Wall -I. -DHAVE_MALLOC_H -DHAVE_MMX -DARCH_X86 -DSYS_LINUX -DHAVE_PTHREAD -s -fomit-frame-pointer  common/frame.c -MM -g0 ) 1>> .depend;  ( echo -n "`dirname common/dct.c`/" && gcc -O4 -ffast-math  -Wall -I. -DHAVE_MALLOC_H -DHAVE_MMX -DARCH_X86 -DSYS_LINUX -DHAVE_PTHREAD -s -fomit-frame-pointer  common/dct.c -MM -g0 ) 1>> .depend;  ( echo -n "`dirname common/cpu.c`/" && gcc -O4 -ffast-math  -Wall -I. -DHAVE_MALLOC_H -DHAVE_MMX -DARCH_X86 -DSYS_LINUX -DHAVE_PTHREAD -s -fomit-frame-pointer  common/cpu.c -MM -g0 ) 1>> .depend;  ( echo -n "`dirname common/cabac.c`/" && gcc -O4 -ffast-math  -Wall -I. -DHAVE_MALLOC_H -DHAVE_MMX -DARCH_X86 -DSYS_LINUX -DHAVE_PTHREAD -s -fomit-frame-pointer  common/cabac.c -MM -g0 ) 1>> .depend;  ( echo -n "`dirname common/common.c`/" && gcc -O4 -ffast-math  -Wall -I. -DHAVE_MALLOC_H -DHAVE_MMX -DARCH_X86 -DSYS_LINUX -DHAVE_PTHREAD -s -fomit-frame-pointer  common/common.c -MM -g0 ) 1>> .depend;  ( echo -n "`dirname common/mdate.c`/" && gcc -O4 -ffast-math  -Wall -I. -DHAVE_MALLOC_H -DHAVE_MMX -DARCH_X86 -DSYS_LINUX -DHAVE_PTHREAD -s -fomit-frame-pointer  common/mdate.c -MM -g0 ) 1>> .depend;  ( echo -n "`dirname common/set.c`/" && gcc -O4 -ffast-math  -Wall -I. -DHAVE_MALLOC_H -DHAVE_MMX -DARCH_X86 -DSYS_LINUX -DHAVE_PTHREAD -s -fomit-frame-pointer  common/set.c -MM -g0 ) 1>> .depend;  ( echo -n "`dirname common/quant.c`/" && gcc -O4 -ffast-math  -Wall -I. -DHAVE_MALLOC_H -DHAVE_MMX -DARCH_X86 -DSYS_LINUX -DHAVE_PTHREAD -s -fomit-frame-pointer  common/quant.c -MM -g0 ) 1>> .depend;  ( echo -n "`dirname common/vlc.c`/" && gcc -O4 -ffast-math  -Wall -I. -DHAVE_MALLOC_H -DHAVE_MMX -DARCH_X86 -DSYS_LINUX -DHAVE_PTHREAD -s -fomit-frame-pointer  common/vlc.c -MM -g0 ) 1>> .depend;  ( echo -n "`dirname encoder/analyse.c`/" && gcc -O4 -ffast-math  -Wall -I. -DHAVE_MALLOC_H -DHAVE_MMX -DARCH_X86 -DSYS_LINUX -DHAVE_PTHREAD -s -fomit-frame-pointer  encoder/analyse.c -MM -g0 ) 1>> .depend;  ( echo -n "`dirname encoder/me.c`/" && gcc -O4 -ffast-math  -Wall -I. -DHAVE_MALLOC_H -DHAVE_MMX -DARCH_X86 -DSYS_LINUX -DHAVE_PTHREAD -s -fomit-frame-pointer  encoder/me.c -MM -g0 ) 1>> .depend;  ( echo -n "`dirname encoder/ratecontrol.c`/" && gcc -O4 -ffast-math  -Wall -I. -DHAVE_MALLOC_H -DHAVE_MMX -DARCH_X86 -DSYS_LINUX -DHAVE_PTHREAD -s -fomit-frame-pointer  encoder/ratecontrol.c -MM -g0 ) 1>> .depend;  ( echo -n "`dirname encoder/set.c`/" && gcc -O4 -ffast-math  -Wall -I. -DHAVE_MALLOC_H -DHAVE_MMX -DARCH_X86 -DSYS_LINUX -DHAVE_PTHREAD -s -fomit-frame-pointer  encoder/set.c -MM -g0 ) 1>> .depend;  ( echo -n "`dirname encoder/macroblock.c`/" && gcc -O4 -ffast-math  -Wall -I. -DHAVE_MALLOC_H -DHAVE_MMX -DARCH_X86 -DSYS_LINUX -DHAVE_PTHREAD -s -fomit-frame-pointer  encoder/macroblock.c -MM -g0 ) 1>> .depend;  ( echo -n "`dirname encoder/cabac.c`/" && gcc -O4 -ffast-math  -Wall -I. -DHAVE_MALLOC_H -DHAVE_MMX -DARCH_X86 -DSYS_LINUX -DHAVE_PTHREAD -s -fomit-frame-pointer  encoder/cabac.c -MM -g0 ) 1>> .depend;  ( echo -n "`dirname encoder/cavlc.c`/" && gcc -O4 -ffast-math  -Wall -I. -DHAVE_MALLOC_H -DHAVE_MMX -DARCH_X86 -DSYS_LINUX -DHAVE_PTHREAD -s -fomit-frame-pointer  encoder/cavlc.c -MM -g0 ) 1>> .depend;  ( echo -n "`dirname encoder/encoder.c`/" && gcc -O4 -ffast-math  -Wall -I. -DHAVE_MALLOC_H -DHAVE_MMX -DARCH_X86 -DSYS_LINUX -DHAVE_PTHREAD -s -fomit-frame-pointer  encoder/encoder.c -MM -g0 ) 1>> .depend;  ( echo -n "`dirname encoder/eval.c`/" && gcc -O4 -ffast-math  -Wall -I. -DHAVE_MALLOC_H -DHAVE_MMX -DARCH_X86 -DSYS_LINUX -DHAVE_PTHREAD -s -fomit-frame-pointer  encoder/eval.c -MM -g0 ) 1>> .depend;  ( echo -n "`dirname common/x86/mc-c.c`/" && gcc -O4 -ffast-math  -Wall -I. -DHAVE_MALLOC_H -DHAVE_MMX -DARCH_X86 -DSYS_LINUX -DHAVE_PTHREAD -s -fomit-frame-pointer  common/x86/mc-c.c -MM -g0 ) 1>> .depend;  ( echo -n "`dirname common/x86/predict-c.c`/" && gcc -O4 -ffast-math  -Wall -I. -DHAVE_MALLOC_H -DHAVE_MMX -DARCH_X86 -DSYS_LINUX -DHAVE_PTHREAD -s -fomit-frame-pointer  common/x86/predict-c.c -MM -g0 ) 1>> .depend;  ( echo -n "`dirname x264.c`/" && gcc -O4 -ffast-math  -Wall -I. -DHAVE_MALLOC_H -DHAVE_MMX -DARCH_X86 -DSYS_LINUX -DHAVE_PTHREAD -s -fomit-frame-pointer  x264.c -MM -g0 ) 1>> .depend;  ( echo -n "`dirname matroska.c`/" && gcc -O4 -ffast-math  -Wall -I. -DHAVE_MALLOC_H -DHAVE_MMX -DARCH_X86 -DSYS_LINUX -DHAVE_PTHREAD -s -fomit-frame-pointer  matroska.c -MM -g0 ) 1>> .depend;  ( echo -n "`dirname muxers.c`/" && gcc -O4 -ffast-math  -Wall -I. -DHAVE_MALLOC_H -DHAVE_MMX -DARCH_X86 -DSYS_LINUX -DHAVE_PTHREAD -s -fomit-frame-pointer  muxers.c -MM -g0 ) 1>> .depend;
make[1]: quittant le répertoire « /src/x264-0.svn20080828 »
make[1]: entrant dans le répertoire « /src/x264-0.svn20080828 »
gcc -O4 -ffast-math  -Wall -I. -DHAVE_MALLOC_H -DHAVE_MMX -DARCH_X86 -DSYS_LINUX -DHAVE_PTHREAD -s -fomit-frame-pointer   -c -o x264.o x264.c
gcc -O4 -ffast-math  -Wall -I. -DHAVE_MALLOC_H -DHAVE_MMX -DARCH_X86 -DSYS_LINUX -DHAVE_PTHREAD -s -fomit-frame-pointer   -c -o muxers.o muxers.c
gcc -o x264 x264.o matroska.o muxers.o -lm -lpthread -lgpac_static -s
x264.o: In function `Encode_frame':
x264.c:(.text+0xb69): undefined reference to `x264_encoder_encode'
x264.c:(.text+0xbbd): undefined reference to `x264_nal_encode'
x264.c:(.text+0xc1b): undefined reference to `x264_free'
x264.c:(.text+0xc28): undefined reference to `x264_malloc'
x264.o: In function `main':
x264.c:(.text+0xcbe): undefined reference to `x264_param_default'
x264.c:(.text+0xe3d): undefined reference to `x264_param_parse'
x264.c:(.text+0x13e2): undefined reference to `x264_encoder_open'
x264.c:(.text+0x1445): undefined reference to `x264_picture_alloc'
x264.c:(.text+0x144a): undefined reference to `x264_mdate'
x264.c:(.text+0x150c): undefined reference to `x264_mdate'
x264.c:(.text+0x151f): undefined reference to `x264_picture_clean'
x264.c:(.text+0x152e): undefined reference to `x264_encoder_close'
x264.c:(.text+0x153b): undefined reference to `x264_free'
x264.c:(.text+0x194d): undefined reference to `x264_mdate'
x264.c:(.text+0x1d39): undefined reference to `x264_cpu_num_processors'
muxers.o: In function `close_file_thread':
muxers.c:(.text+0xf78): undefined reference to `x264_picture_clean'
muxers.o: In function `open_file_thread':
muxers.c:(.text+0x11c2): undefined reference to `x264_picture_alloc'
muxers.o: In function `open_file_y4m':
muxers.c:(.text+0x1ac4): undefined reference to `x264_reduce_fraction'
muxers.c:(.text+0x1b18): undefined reference to `x264_reduce_fraction'
collect2: ld returned 1 exit status
make[1]: *** [x264] Erreur 1
make[1]: quittant le répertoire « /src/x264-0.svn20080828 »
