x264 configure script

checking whether gcc works... yes
checking for -std=gnu99... yes
checking whether yasm supports lzcnt eax, eax... yes
checking whether gcc supports __asm__("pabsw %xmm0, %xmm0");... yes
checking for pthread.h... yes
checking for return log2f(2); in math.h... yes
checking for libavformat/avformat.h... yes
checking for libswscale/swscale.h... yes
checking for avcodec_decode_video2( NULL, NULL, NULL, NULL ); in libavformat/avformat.h... no
Failed commandline was:
--------------------------------------------------
gcc conftest.c  -Wall -I. -march=i686 -mfpmath=sse -msse -std=gnu99  -lm -lpthread     -L.  -lavformat -lavcodec -lswscale  
conftest.c: In function 'main':
conftest.c:2: warning: implicit declaration of function 'avcodec_decode_video2'
/tmp/ccX6qw50.o: In function `main':
conftest.c:(.text+0x29): undefined reference to `avcodec_decode_video2'
collect2: ld returned 1 exit status
--------------------------------------------------
checking for FFMS_DestroyVideoSource(0); in ffms.h... no
Failed commandline was:
--------------------------------------------------
gcc conftest.c  -Wall -I. -march=i686 -mfpmath=sse -msse -std=gnu99  -lm -lpthread   -lffms2
conftest.c:1:18: error: ffms.h: No such file or directory
conftest.c: In function 'main':
conftest.c:2: warning: implicit declaration of function 'FFMS_DestroyVideoSource'
--------------------------------------------------
checking for FFMS_DestroyVideoSource(0); in ffms.h... no
Failed commandline was:
--------------------------------------------------
gcc conftest.c  -Wall -I. -march=i686 -mfpmath=sse -msse -std=gnu99  -lm -lpthread   -lffms2 -lstdc++ -L.  -lavformat -lavcodec -lswscale  
conftest.c:1:18: error: ffms.h: No such file or directory
conftest.c: In function 'main':
conftest.c:2: warning: implicit declaration of function 'FFMS_DestroyVideoSource'
--------------------------------------------------
checking for gpac/isomedia.h... yes
checking for gf_isom_set_pixel_aspect_ratio(0,0,0,0,0); in gpac/isomedia.h... yes
checking for fseeko(stdin,0,0); in stdio.h... yes

Platform:   X86
System:     LINUX
asm:        yes
avs input:  no
lavf input: no
ffms input: no
mp4 output: yes
pthread:    yes
debug:      no
gprof:      no
PIC:        no
shared:     no
visualize:  no
